<?xml version="1.0" encoding="UTF-8"?>
<testsuite xmlns:xsi="http://www.w3.org/2001/XMLSchema-instance" xsi:noNamespaceSchemaLocation="https://maven.apache.org/surefire/maven-surefire-plugin/xsd/surefire-test-report.xsd" name="BonusServiceTest" time="0.094" tests="6" errors="0" skipped="0" failures="2">
  <properties>
[...]
</properties>
  <testcase name="shouldCalculateRegisteredAndUnderlimit" classname="BonusServiceTest" time="0.056">
    <failure message="expected: &lt;50&gt; but was: &lt;30&gt;" type="org.opentest4j.AssertionFailedError"><![CDATA[org.opentest4j.AssertionFailedError: expected: <50> but was: <30>
	at BonusServiceTest.shouldCalculateRegisteredAndUnderlimit(BonusServiceTest.java:51)
]]></failure>
  </testcase>
  <testcase name="shouldCalculateRegisteredUnderLimit" classname="BonusServiceTest" time="0.001"/>
  <testcase name="shouldCalculateNotRegistered" classname="BonusServiceTest" time="0"/>
  <testcase name="shouldCalculateNotRegisteredAndBonusIs500" classname="BonusServiceTest" time="0"/>
  <testcase name="shouldCalculateRegisteredAndBonusIs500" classname="BonusServiceTest" time="0.001"/>
  <testcase name="shouldCalculateNotRegisteredAndUnderlimit" classname="BonusServiceTest" time="0.013">
    <failure message="expected: &lt;30&gt; but was: &lt;10&gt;" type="org.opentest4j.AssertionFailedError"><![CDATA[org.opentest4j.AssertionFailedError: expected: <30> but was: <10>
	at BonusServiceTest.shouldCalculateNotRegisteredAndUnderlimit(BonusServiceTest.java:27)
]]></failure>
  </testcase>
</testsuite>